<?xml version="1.0" encoding="UTF-8"?>
<!-- Generated by org.testng.reporters.JUnitXMLReporter -->
<testsuite ignored="0" hostname="LAPTOP-0SCJ6J7A" failures="0" tests="3" name="Default test" time="0.081" errors="0" timestamp="2022-04-06T14:39:43 IST">
  <testcase classname="demogit.Demotest" name="Demo2" time="0.009"/>
  <testcase classname="demogit.Demotest" name="Demo3" time="0.001"/>
  <testcase classname="demogit.Demotest" name="demo" time="0.001"/>
</testsuite> <!-- Default test -->
