<?xml version="1.0" encoding="UTF-8"?>
<testng-results ignored="0" total="3" passed="3" failed="0" skipped="0">
  <reporter-output>
  </reporter-output>
  <suite started-at="2022-04-06T14:39:42 IST" name="Default suite" finished-at="2022-04-06T14:39:42 IST" duration-ms="81">
    <groups>
    </groups>
    <test started-at="2022-04-06T14:39:42 IST" name="Default test" finished-at="2022-04-06T14:39:42 IST" duration-ms="81">
      <class name="demogit.Demotest">
        <test-method signature="Demo2()[pri:0, instance:demogit.Demotest@1613674b]" started-at="2022-04-06T14:39:42 IST" name="Demo2" finished-at="2022-04-06T14:39:42 IST" duration-ms="9" status="PASS">
          <reporter-output>
          </reporter-output>
        </test-method> <!-- Demo2 -->
        <test-method signature="Demo3()[pri:0, instance:demogit.Demotest@1613674b]" started-at="2022-04-06T14:39:42 IST" name="Demo3" finished-at="2022-04-06T14:39:42 IST" duration-ms="1" status="PASS">
          <reporter-output>
          </reporter-output>
        </test-method> <!-- Demo3 -->
        <test-method signature="demo()[pri:0, instance:demogit.Demotest@1613674b]" started-at="2022-04-06T14:39:42 IST" name="demo" finished-at="2022-04-06T14:39:42 IST" duration-ms="1" status="PASS">
          <reporter-output>
          </reporter-output>
        </test-method> <!-- demo -->
      </class> <!-- demogit.Demotest -->
    </test> <!-- Default test -->
  </suite> <!-- Default suite -->
</testng-results>
